[0.016s] Invoking command in '/home/gyufoxy/dev_ws/build/srv_and_cli_ros2': CMAKE_PREFIX_PATH=${CMAKE_PREFIX_PATH}:/opt/ros/foxy /usr/bin/cmake --build /home/gyufoxy/dev_ws/build/srv_and_cli_ros2 -- -j8 -l8
[0.043s] -- Found ament_cmake: 0.9.9 (/opt/ros/foxy/share/ament_cmake/cmake)
[0.064s] -- Found PythonInterp: /usr/bin/python3 (found suitable version "3.8.10", minimum required is "3") 
[0.064s] -- Using PYTHON_EXECUTABLE: /usr/bin/python3
[0.234s] -- Found rclcpp: 2.4.0 (/opt/ros/foxy/share/rclcpp/cmake)
[0.266s] -- Using all available rosidl_typesupport_c: rosidl_typesupport_fastrtps_c;rosidl_typesupport_introspection_c
[0.270s] -- Found rosidl_adapter: 1.2.1 (/opt/ros/foxy/share/rosidl_adapter/cmake)
[0.377s] -- Using all available rosidl_typesupport_cpp: rosidl_typesupport_fastrtps_cpp;rosidl_typesupport_introspection_cpp
[0.421s] -- Found rmw_implementation_cmake: 1.0.3 (/opt/ros/foxy/share/rmw_implementation_cmake/cmake)
[0.423s] -- Using RMW implementation 'rmw_fastrtps_cpp' as default
[0.557s] -- Found rosidl_default_generators: 1.0.1 (/opt/ros/foxy/share/rosidl_default_generators/cmake)
[0.592s] -- Found PythonInterp: /usr/bin/python3 (found version "3.8.10") 
[0.721s] -- Found ament_cmake_ros: 0.9.2 (/opt/ros/foxy/share/ament_cmake_ros/cmake)
[0.824s] -- Using all available rosidl_typesupport_c: rosidl_typesupport_fastrtps_c;rosidl_typesupport_introspection_c
[0.833s] -- Using all available rosidl_typesupport_cpp: rosidl_typesupport_fastrtps_cpp;rosidl_typesupport_introspection_cpp
[0.855s] -- Found PythonInterp: /usr/bin/python3 (found suitable version "3.8.10", minimum required is "3.5") 
[0.855s] -- Found python_cmake_module: 0.8.1 (/opt/ros/foxy/share/python_cmake_module/cmake)
[0.878s] -- Using PYTHON_EXECUTABLE: /usr/bin/python3
[0.878s] -- Using PYTHON_INCLUDE_DIRS: /usr/include/python3.8
[0.878s] -- Using PYTHON_LIBRARIES: /usr/lib/x86_64-linux-gnu/libpython3.8.so
[0.893s] -- Found ament_lint_auto: 0.9.6 (/opt/ros/foxy/share/ament_lint_auto/cmake)
[0.903s] -- Added test 'copyright' to check source files copyright and LICENSE
[0.904s] -- Added test 'cppcheck' to perform static code analysis on C / C++ code
[0.905s] -- Configured cppcheck include dirs: 
[0.905s] -- Configured cppcheck exclude dirs and/or files: 
[0.906s] -- Added test 'cpplint' to check C / C++ code against the Google style
[0.906s] -- Configured cpplint exclude dirs and/or files: 
[0.906s] -- Added test 'lint_cmake' to check CMake code style
[0.907s] -- Added test 'uncrustify' to check C / C++ code style
[0.907s] -- Configured uncrustify additional arguments: 
[0.908s] -- Added test 'xmllint' to check XML markup files
[0.912s] -- Configuring done
[0.952s] -- Generating done
[0.955s] -- Build files have been written to: /home/gyufoxy/dev_ws/build/srv_and_cli_ros2
[0.980s] [35m[1mScanning dependencies of target server[0m
[0.991s] [  2%] Built target srv_and_cli_ros2__cpp
[0.993s] [  4%] [32mBuilding CXX object CMakeFiles/server.dir/src/srv.cpp.o[0m
[0.997s] [ 14%] Built target srv_and_cli_ros2__rosidl_generator_c
[1.020s] [ 24%] Built target srv_and_cli_ros2__rosidl_typesupport_c
[1.021s] [ 39%] Built target srv_and_cli_ros2__rosidl_typesupport_introspection_cpp
[1.021s] [ 43%] Built target srv_and_cli_ros2__rosidl_typesupport_cpp
[1.026s] [ 53%] Built target srv_and_cli_ros2__rosidl_typesupport_fastrtps_cpp
[1.027s] [ 63%] Built target srv_and_cli_ros2__rosidl_typesupport_introspection_c
[1.052s] [ 73%] Built target srv_and_cli_ros2__rosidl_typesupport_fastrtps_c
[1.072s] [ 73%] Built target srv_and_cli_ros2
[1.091s] [ 75%] Built target srv_and_cli_ros2__py
[1.106s] [01m[K/home/gyufoxy/dev_ws/src/srv_and_cli_ros2/src/srv.cpp:2:10:[m[K [01;31m[Kfatal error: [m[Ksrv_and_cli_ros2/srv/tutorial.hpp: No such file or directory
[1.107s]     2 | #include [01;31m[K"srv_and_cli_ros2/srv/tutorial.hpp"[m[K
[1.107s]       |          [01;31m[K^~~~~~~~~~~~~~~~~~~~~~~~~~~~~~~~~~~[m[K
[1.107s] compilation terminated.
[1.111s] make[2]: *** [CMakeFiles/server.dir/build.make:63: CMakeFiles/server.dir/src/srv.cpp.o] Error 1
[1.111s] make[1]: *** [CMakeFiles/Makefile2:304: CMakeFiles/server.dir/all] Error 2
[1.112s] make[1]: *** Waiting for unfinished jobs....
[1.116s] [ 82%] Built target srv_and_cli_ros2__python
[1.117s] make: *** [Makefile:141: all] Error 2
[1.119s] Invoked command in '/home/gyufoxy/dev_ws/build/srv_and_cli_ros2' returned '2': CMAKE_PREFIX_PATH=${CMAKE_PREFIX_PATH}:/opt/ros/foxy /usr/bin/cmake --build /home/gyufoxy/dev_ws/build/srv_and_cli_ros2 -- -j8 -l8
