-- Found ament_cmake: 0.9.9 (/opt/ros/foxy/share/ament_cmake/cmake)
-- Found PythonInterp: /usr/bin/python3 (found suitable version "3.8.10", minimum required is "3") 
-- Using PYTHON_EXECUTABLE: /usr/bin/python3
-- Found rosidl_default_generators: 1.0.1 (/opt/ros/foxy/share/rosidl_default_generators/cmake)
-- Using all available rosidl_typesupport_c: rosidl_typesupport_fastrtps_c;rosidl_typesupport_introspection_c
-- Found rosidl_adapter: 1.2.1 (/opt/ros/foxy/share/rosidl_adapter/cmake)
-- Using all available rosidl_typesupport_cpp: rosidl_typesupport_fastrtps_cpp;rosidl_typesupport_introspection_cpp
-- Found rclcpp: 2.4.0 (/opt/ros/foxy/share/rclcpp/cmake)
-- Found rmw_implementation_cmake: 1.0.3 (/opt/ros/foxy/share/rmw_implementation_cmake/cmake)
-- Using RMW implementation 'rmw_fastrtps_cpp' as default
-- Found rclcpp_action: 2.4.0 (/opt/ros/foxy/share/rclcpp_action/cmake)
-- Found rclcpp_components: 2.4.0 (/opt/ros/foxy/share/rclcpp_components/cmake)
-- Found PythonInterp: /usr/bin/python3 (found version "3.8.10") 
-- Found ament_cmake_ros: 0.9.2 (/opt/ros/foxy/share/ament_cmake_ros/cmake)
-- Using all available rosidl_typesupport_c: rosidl_typesupport_fastrtps_c;rosidl_typesupport_introspection_c
-- Using all available rosidl_typesupport_cpp: rosidl_typesupport_fastrtps_cpp;rosidl_typesupport_introspection_cpp
-- Found PythonInterp: /usr/bin/python3 (found suitable version "3.8.10", minimum required is "3.5") 
-- Found python_cmake_module: 0.8.1 (/opt/ros/foxy/share/python_cmake_module/cmake)
-- Using PYTHON_EXECUTABLE: /usr/bin/python3
-- Using PYTHON_INCLUDE_DIRS: /usr/include/python3.8
-- Using PYTHON_LIBRARIES: /usr/lib/x86_64-linux-gnu/libpython3.8.so
-- Found ament_lint_auto: 0.9.6 (/opt/ros/foxy/share/ament_lint_auto/cmake)
-- Added test 'copyright' to check source files copyright and LICENSE
-- Added test 'cppcheck' to perform static code analysis on C / C++ code
-- Configured cppcheck include dirs: $<BUILD_INTERFACE:/home/gyufoxy/dev_ws/src/action_interface_ros2/include>
-- Configured cppcheck exclude dirs and/or files: 
-- Added test 'cpplint' to check C / C++ code against the Google style
-- Configured cpplint exclude dirs and/or files: 
-- Added test 'lint_cmake' to check CMake code style
-- Added test 'uncrustify' to check C / C++ code style
-- Configured uncrustify additional arguments: 
-- Added test 'xmllint' to check XML markup files
-- Configuring done
-- Generating done
-- Build files have been written to: /home/gyufoxy/dev_ws/build/action_interface_ros2
[35m[1mScanning dependencies of target action_server[0m
[35m[1mScanning dependencies of target fibonacci_action_server[0m
[  2%] Built target action_interface_ros2__cpp
[ 11%] Built target action_interface_ros2__rosidl_generator_c
[ 28%] Built target action_interface_ros2__rosidl_typesupport_cpp
[ 28%] Built target action_interface_ros2__rosidl_typesupport_introspection_cpp
[ 40%] Built target action_interface_ros2__rosidl_typesupport_c
[ 45%] Built target action_interface_ros2__rosidl_typesupport_fastrtps_cpp
[ 54%] Built target action_interface_ros2__rosidl_typesupport_introspection_c
[ 60%] [32mBuilding CXX object CMakeFiles/fibonacci_action_server.dir/rclcpp_components/node_main_fibonacci_action_server.cpp.o[0m
[ 60%] [32mBuilding CXX object CMakeFiles/action_server.dir/src/fibo_action_server.cpp.o[0m
[ 68%] Built target action_interface_ros2__rosidl_typesupport_fastrtps_c
[ 68%] Built target action_interface_ros2
[01m[K/home/gyufoxy/dev_ws/src/action_interface_ros2/src/fibo_action_server.cpp:5:10:[m[K [01;31m[Kfatal error: [m[Kaction_interface_ros2/action/fibonacci.hpp: No such file or directory
    5 | #include [01;31m[K"action_interface_ros2/action/fibonacci.hpp"[m[K
      |          [01;31m[K^~~~~~~~~~~~~~~~~~~~~~~~~~~~~~~~~~~~~~~~~~~~[m[K
compilation terminated.
make[2]: *** [CMakeFiles/action_server.dir/build.make:63: CMakeFiles/action_server.dir/src/fibo_action_server.cpp.o] Error 1
make[1]: *** [CMakeFiles/Makefile2:476: CMakeFiles/action_server.dir/all] Error 2
make[1]: *** Waiting for unfinished jobs....
[ 71%] Built target action_interface_ros2__py
[ 74%] [32m[1mLinking CXX executable fibonacci_action_server[0m
[ 74%] Built target fibonacci_action_server
make: *** [Makefile:141: all] Error 2
